
--- 会话开始: 2026-07-07 12:36:42 ---
[2026-07-07 12:36:47] >>> 服务器启动中... <<<
[2026-07-07 12:36:52] NO LOG FILE! - setting up server logging...
[2026-07-07 12:36:52] [2026-07-07 12:36:52:284 INFO] Starting Server
[2026-07-07 12:36:52] [2026-07-07 12:36:52:285 INFO] Version: 1.26.32.2
[2026-07-07 12:36:52] [2026-07-07 12:36:52:285 INFO] Session ID: f8d70c32-f73c-4ddb-bc8b-065b873bb98a
[2026-07-07 12:36:52] [2026-07-07 12:36:52:285 INFO] Build ID: 46948664
[2026-07-07 12:36:52] [2026-07-07 12:36:52:285 INFO] Branch: r/26_u3
[2026-07-07 12:36:52] [2026-07-07 12:36:52:285 INFO] Commit ID: 8dfd7355e9ce6a57bcb09bd2cea696b7b76b6cff
[2026-07-07 12:36:52] [2026-07-07 12:36:52:285 INFO] Configuration: Publish
[2026-07-07 12:36:52] [2026-07-07 12:36:52:285 INFO] Level Name: onelife
[2026-07-07 12:36:52] [2026-07-07 12:36:52:288 INFO] No CDN config file found at: cdn_config.json for dedicated server
[2026-07-07 12:36:52] [2026-07-07 12:36:52:288 INFO] Game mode: 0 Survival
[2026-07-07 12:36:52] [2026-07-07 12:36:52:288 INFO] Difficulty: 3 HARD
[2026-07-07 12:36:52] [2026-07-07 12:36:52:288 WARN] Content logging to console is disabled.  Enable it with content-log-console-output-enabled=true in server.properties
[2026-07-07 12:36:52] [2026-07-07 12:36:52:321 INFO]
[2026-07-07 12:36:52] 
[2026-07-07 12:36:52] #####################################################
[2026-07-07 12:36:52] #                                                   #
[2026-07-07 12:36:52] #               LOADING VANILLA WORLD               #
[2026-07-07 12:36:52] #                                                   #
[2026-07-07 12:36:52] #####################################################
[2026-07-07 12:36:55] [2026-07-07 12:36:55:066 INFO] Content logging to disk is enabled. Writing log to: ContentLog2026-07-07_12-36-55
[2026-07-07 12:36:55] [2026-07-07 12:36:55:068 INFO] Opening level 'worlds/onelife/db'
[2026-07-07 12:36:55] [2026-07-07 12:36:55:628 INFO] Pack Stack - None
[2026-07-07 12:36:58] [2026-07-07 12:36:58:276 INFO] IPv4 supported, port: 19132: Used for gameplay and LAN discovery
[2026-07-07 12:36:58] [2026-07-07 12:36:58:276 INFO] IPv6 supported, port: 19133: Used for gameplay
[2026-07-07 12:36:58] [2026-07-07 12:36:58:404 INFO] Waiting for Minecraft services...
[2026-07-07 12:36:58] [2026-07-07 12:36:58:581 INFO] Server started.
[2026-07-07 12:36:58] [2026-07-07 12:36:58:582 INFO] ================ TELEMETRY MESSAGE ===================
[2026-07-07 12:36:58] [2026-07-07 12:36:58:582 INFO] Server Telemetry is currently not enabled.
[2026-07-07 12:36:58] [2026-07-07 12:36:58:582 INFO] Enabling this telemetry helps us improve the game.
[2026-07-07 12:36:58] [2026-07-07 12:36:58:582 INFO]
[2026-07-07 12:36:58] [2026-07-07 12:36:58:582 INFO] To enable this feature, add the line 'emit-server-telemetry=true'
[2026-07-07 12:36:58] [2026-07-07 12:36:58:582 INFO] to the server.properties file in the handheld/src-server directory
[2026-07-07 12:36:58] [2026-07-07 12:36:58:582 INFO] ======================================================
[2026-07-07 12:40:29] [2026-07-07 12:40:29:021 INFO] Player connected: TussalZeus18028, xuid: 2535468543420667
[2026-07-07 12:40:29] [2026-07-07 12:40:29:602 INFO] Player PartyIdUpdate:  pfid: CDCF761C759BFA9C, partyid: , isLeader: false
[2026-07-07 12:40:36] [2026-07-07 12:40:36:316 INFO] Player Spawned: TussalZeus18028 xuid: 2535468543420667, pfid: CDCF761C759BFA9C
[2026-07-07 12:44:55] [2026-07-07 12:44:55:386 INFO] Player disconnected: TussalZeus18028, xuid: 2535468543420667, pfid: CDCF761C759BFA9C
[2026-07-07 12:45:47] [2026-07-07 12:45:47:917 INFO] Player connected: TussalZeus18028, xuid: 2535468543420667
[2026-07-07 12:45:48] [2026-07-07 12:45:48:400 INFO] Player PartyIdUpdate:  pfid: CDCF761C759BFA9C, partyid: , isLeader: false
[2026-07-07 12:45:49] [2026-07-07 12:45:49:530 INFO] Player Spawned: TussalZeus18028 xuid: 2535468543420667, pfid: CDCF761C759BFA9C
[2026-07-07 12:52:23] [2026-07-07 12:52:23:687 INFO] Player disconnected: TussalZeus18028, xuid: 2535468543420667, pfid: CDCF761C759BFA9C
[2026-07-07 12:58:44] [2026-07-07 12:58:44:989 INFO] Running AutoCompaction...
[2026-07-07 13:00:43] [2026-07-07 13:00:43:198 INFO] Player connected: TussalZeus18028, xuid: 2535468543420667
[2026-07-07 13:00:43] [2026-07-07 13:00:43:701 INFO] Player PartyIdUpdate:  pfid: CDCF761C759BFA9C, partyid: , isLeader: false
[2026-07-07 13:00:50] [2026-07-07 13:00:50:698 INFO] Player Spawned: TussalZeus18028 xuid: 2535468543420667, pfid: CDCF761C759BFA9C
[2026-07-07 13:01:49] [2026-07-07 13:01:49:910 INFO] Player disconnected: TussalZeus18028, xuid: 2535468543420667, pfid: CDCF761C759BFA9C
[2026-07-07 13:03:46] >>> 正在停止服务器... <<<
[2026-07-07 13:03:49] >>> 服务器已停止 <<<
[2026-07-07 13:03:56] >>> 服务器启动中... <<<
[2026-07-07 13:03:56] NO LOG FILE! - setting up server logging...
[2026-07-07 13:03:56] [2026-07-07 13:03:56:344 INFO] Starting Server
[2026-07-07 13:03:56] [2026-07-07 13:03:56:344 INFO] Version: 1.26.32.2
[2026-07-07 13:03:56] [2026-07-07 13:03:56:344 INFO] Session ID: 5be7b46d-fa24-4cf3-b1b2-4658d4e1610b
[2026-07-07 13:03:56] [2026-07-07 13:03:56:344 INFO] Build ID: 46948664
[2026-07-07 13:03:56] [2026-07-07 13:03:56:344 INFO] Branch: r/26_u3
[2026-07-07 13:03:56] [2026-07-07 13:03:56:344 INFO] Commit ID: 8dfd7355e9ce6a57bcb09bd2cea696b7b76b6cff
[2026-07-07 13:03:56] [2026-07-07 13:03:56:344 INFO] Configuration: Publish
[2026-07-07 13:03:56] [2026-07-07 13:03:56:344 INFO] Level Name: onelife
[2026-07-07 13:03:56] [2026-07-07 13:03:56:346 INFO] No CDN config file found at: cdn_config.json for dedicated server
[2026-07-07 13:03:56] [2026-07-07 13:03:56:346 INFO] Game mode: 0 Survival
[2026-07-07 13:03:56] [2026-07-07 13:03:56:346 INFO] Difficulty: 3 HARD
[2026-07-07 13:03:56] [2026-07-07 13:03:56:347 WARN] Content logging to console is disabled.  Enable it with content-log-console-output-enabled=true in server.properties
[2026-07-07 13:03:56] [2026-07-07 13:03:56:349 INFO]
[2026-07-07 13:03:56] 
[2026-07-07 13:03:56] #####################################################
[2026-07-07 13:03:56] #                                                   #
[2026-07-07 13:03:56] #               LOADING VANILLA WORLD               #
[2026-07-07 13:03:56] #                                                   #
[2026-07-07 13:03:56] #####################################################
[2026-07-07 13:03:56] [2026-07-07 13:03:56:971 INFO] Content logging to disk is enabled. Writing log to: ContentLog2026-07-07_13-03-56
[2026-07-07 13:03:56] [2026-07-07 13:03:56:973 INFO] Opening level 'worlds/onelife/db'
[2026-07-07 13:03:57] [2026-07-07 13:03:57:357 INFO] Pack Stack - None
[2026-07-07 13:03:58] [2026-07-07 13:03:58:733 INFO] IPv4 supported, port: 19132: Used for gameplay and LAN discovery
[2026-07-07 13:03:58] [2026-07-07 13:03:58:734 INFO] IPv6 supported, port: 19133: Used for gameplay
[2026-07-07 13:03:58] [2026-07-07 13:03:58:827 INFO] Waiting for Minecraft services...
[2026-07-07 13:03:59] [2026-07-07 13:03:59:002 INFO] Server started.
[2026-07-07 13:04:48] [2026-07-07 13:04:48:041 INFO] Player connected: TussalZeus18028, xuid: 2535468543420667
[2026-07-07 13:04:48] [2026-07-07 13:04:48:554 INFO] Player PartyIdUpdate:  pfid: CDCF761C759BFA9C, partyid: , isLeader: false
[2026-07-07 13:04:56] [2026-07-07 13:04:56:322 INFO] Player Spawned: TussalZeus18028 xuid: 2535468543420667, pfid: CDCF761C759BFA9C
[2026-07-07 13:07:01] [2026-07-07 13:07:01:971 INFO] Player disconnected: TussalZeus18028, xuid: 2535468543420667, pfid: CDCF761C759BFA9C
[2026-07-07 13:09:25] [2026-07-07 13:09:25:327 INFO] Player connected: TussalZeus18028, xuid: 2535468543420667
[2026-07-07 13:09:25] [2026-07-07 13:09:25:707 INFO] Player PartyIdUpdate:  pfid: CDCF761C759BFA9C, partyid: , isLeader: false
[2026-07-07 13:09:40] [2026-07-07 13:09:40:281 INFO] Player Spawned: TussalZeus18028 xuid: 2535468543420667, pfid: CDCF761C759BFA9C
[2026-07-07 13:13:35] [2026-07-07 13:13:35:703 INFO] Player disconnected: TussalZeus18028, xuid: 2535468543420667, pfid: CDCF761C759BFA9C
[2026-07-07 13:20:00] [2026-07-07 13:20:00:806 INFO] Running AutoCompaction...
[2026-07-07 13:24:32] [2026-07-07 13:24:32:772 INFO] Player connected: wocaonima8463, xuid: 2535456374395919
[2026-07-07 13:24:59] [2026-07-07 13:24:59:355 INFO] Player PartyIdUpdate:  pfid: 49ABE784DAB5026C, partyid: , isLeader: false
[2026-07-07 13:25:00] [2026-07-07 13:25:00:646 INFO] Player Spawned: wocaonima8463 xuid: 2535456374395919, pfid: 49ABE784DAB5026C
[2026-07-07 13:25:59] [2026-07-07 13:25:59:145 INFO] Player disconnected: wocaonima8463, xuid: 2535456374395919, pfid: 49ABE784DAB5026C
[2026-07-07 13:26:27] >>> 正在停止服务器... <<<
[2026-07-07 13:26:29] >>> 服务器已停止 <<<

--- 会话开始: 2026-07-07 13:29:04 ---
[2026-07-07 13:29:10] >>> 服务器启动中... <<<
[2026-07-07 13:29:10] NO LOG FILE! - setting up server logging...
[2026-07-07 13:29:10] [2026-07-07 13:29:10:306 INFO] Starting Server
[2026-07-07 13:29:10] [2026-07-07 13:29:10:306 INFO] Version: 1.26.32.2
[2026-07-07 13:29:10] [2026-07-07 13:29:10:306 INFO] Session ID: 19ecc460-7489-4e2b-b2b4-8698480e9726
[2026-07-07 13:29:10] [2026-07-07 13:29:10:306 INFO] Build ID: 46948664
[2026-07-07 13:29:10] [2026-07-07 13:29:10:306 INFO] Branch: r/26_u3
[2026-07-07 13:29:10] [2026-07-07 13:29:10:306 INFO] Commit ID: 8dfd7355e9ce6a57bcb09bd2cea696b7b76b6cff
[2026-07-07 13:29:10] [2026-07-07 13:29:10:306 INFO] Configuration: Publish
[2026-07-07 13:29:10] [2026-07-07 13:29:10:306 INFO] Level Name: onelife
[2026-07-07 13:29:10] [2026-07-07 13:29:10:309 INFO] No CDN config file found at: cdn_config.json for dedicated server
[2026-07-07 13:29:10] [2026-07-07 13:29:10:309 INFO] Game mode: 0 Survival
[2026-07-07 13:29:10] [2026-07-07 13:29:10:309 INFO] Difficulty: 3 HARD
[2026-07-07 13:29:10] [2026-07-07 13:29:10:309 WARN] Content logging to console is disabled.  Enable it with content-log-console-output-enabled=true in server.properties
[2026-07-07 13:29:10] [2026-07-07 13:29:10:311 INFO]
[2026-07-07 13:29:10] 
[2026-07-07 13:29:10] #####################################################
[2026-07-07 13:29:10] #                                                   #
[2026-07-07 13:29:10] #               LOADING VANILLA WORLD               #
[2026-07-07 13:29:10] #                                                   #
[2026-07-07 13:29:10] #####################################################
[2026-07-07 13:29:10] [2026-07-07 13:29:10:902 INFO] Content logging to disk is enabled. Writing log to: ContentLog2026-07-07_13-29-10
[2026-07-07 13:29:10] [2026-07-07 13:29:10:903 INFO] Opening level 'worlds/onelife/db'
[2026-07-07 13:29:12] [2026-07-07 13:29:12:271 INFO] Pack Stack - None
[2026-07-07 13:29:13] [2026-07-07 13:29:13:516 INFO] IPv4 supported, port: 19132: Used for gameplay and LAN discovery
[2026-07-07 13:29:13] [2026-07-07 13:29:13:516 INFO] IPv6 supported, port: 19133: Used for gameplay
[2026-07-07 13:29:13] [2026-07-07 13:29:13:610 INFO] Waiting for Minecraft services...
[2026-07-07 13:29:13] [2026-07-07 13:29:13:801 INFO] Server started.
[2026-07-07 13:29:21] [2026-07-07 13:29:21:285 INFO] Player connected: wocaonima8463, xuid: 2535456374395919
[2026-07-07 13:29:22] [2026-07-07 13:29:22:180 INFO] Player PartyIdUpdate:  pfid: 49ABE784DAB5026C, partyid: , isLeader: false
[2026-07-07 13:29:25] [2026-07-07 13:29:25:058 INFO] Player Spawned: wocaonima8463 xuid: 2535456374395919, pfid: 49ABE784DAB5026C
[2026-07-07 13:29:53] [2026-07-07 13:29:53:289 INFO] Player connected: TussalZeus18028, xuid: 2535468543420667
[2026-07-07 13:29:53] [2026-07-07 13:29:53:777 INFO] Player PartyIdUpdate:  pfid: CDCF761C759BFA9C, partyid: , isLeader: false
[2026-07-07 13:29:55] [2026-07-07 13:29:55:040 INFO] Player Spawned: TussalZeus18028 xuid: 2535468543420667, pfid: CDCF761C759BFA9C
[2026-07-07 13:33:41] [2026-07-07 13:33:41:807 INFO] Player disconnected: wocaonima8463, xuid: 2535456374395919, pfid: 49ABE784DAB5026C
[2026-07-07 13:35:26] [2026-07-07 13:35:26:720 INFO] Player connected: wocaonima8463, xuid: 2535456374395919
[2026-07-07 13:35:27] [2026-07-07 13:35:27:597 INFO] Player PartyIdUpdate:  pfid: 49ABE784DAB5026C, partyid: , isLeader: false
[2026-07-07 13:35:28] [2026-07-07 13:35:28:937 INFO] Player Spawned: wocaonima8463 xuid: 2535456374395919, pfid: 49ABE784DAB5026C
[2026-07-07 13:44:43] > tp wocaonima8463 TussalZeus18028
[2026-07-07 13:44:44] [2026-07-07 13:44:44:112 INFO] Teleported wocaonima8463 to TussalZeus18028
[2026-07-07 13:49:01] > tp wocaonima8463 TussalZeus18028
[2026-07-07 13:49:01] [2026-07-07 13:49:01:083 INFO] Teleported wocaonima8463 to TussalZeus18028
[2026-07-07 13:59:11] > gamemode 0 Tussalzeus18028
[2026-07-07 13:59:11] [2026-07-07 13:59:11:493 INFO] Set TussalZeus18028's game mode to Survival
[2026-07-07 13:59:25] > gamemode 1 Tussalzeus18028
[2026-07-07 13:59:25] [2026-07-07 13:59:25:867 INFO] Set TussalZeus18028's game mode to Creative
[2026-07-07 14:04:19] [2026-07-07 14:04:19:181 INFO] Player connected: ycz4324, xuid: 2535410431787460
[2026-07-07 14:04:46] [2026-07-07 14:04:46:144 INFO] Player PartyIdUpdate:  pfid: 667869AB44A375F2, partyid: , isLeader: false
[2026-07-07 14:04:47] [2026-07-07 14:04:47:431 INFO] Player Spawned: ycz4324 xuid: 2535410431787460, pfid: 667869AB44A375F2
[2026-07-07 14:06:59] > time set day
[2026-07-07 14:06:59] [2026-07-07 14:06:59:594 INFO] Set the time to 5761000
[2026-07-07 14:08:55] > tp ycz4324
[2026-07-07 14:08:55] [2026-07-07 14:08:55:594 ERROR] No targets matched selector
[2026-07-07 14:11:51] > say wait
[2026-07-07 14:13:48] > gamemode 0 TussalZeus18028
[2026-07-07 14:13:48] [2026-07-07 14:13:48:497 INFO] Set TussalZeus18028's game mode to Survival
[2026-07-07 14:16:59] > tp TussalZeus18028 ycz4324
[2026-07-07 14:16:59] [2026-07-07 14:16:59:786 INFO] Teleported TussalZeus18028 to ycz4324
[2026-07-07 14:22:14] > tp ycz4324 TussalZeus18028
[2026-07-07 14:22:14] [2026-07-07 14:22:14:973 INFO] Teleported ycz4324 to TussalZeus18028
[2026-07-07 14:22:30] [2026-07-07 14:22:30:756 INFO] Player disconnected: wocaonima8463, xuid: 2535456374395919, pfid: 49ABE784DAB5026C
[2026-07-07 14:23:27] [2026-07-07 14:23:27:735 INFO] Player disconnected: ycz4324, xuid: 2535410431787460, pfid: 667869AB44A375F2
[2026-07-07 14:23:30] [2026-07-07 14:23:30:769 INFO] Player disconnected: TussalZeus18028, xuid: 2535468543420667, pfid: CDCF761C759BFA9C
[2026-07-07 14:26:41] > stop
[2026-07-07 14:26:41] [2026-07-07 14:26:41:018 INFO] Server stop requested.
[2026-07-07 14:26:41] [2026-07-07 14:26:41:316 INFO] Stopping server...
[2026-07-07 14:26:42] Quit correctly
[2026-07-07 14:26:42] >>> 服务器已停止 <<<

--- 会话开始: 2026-07-07 14:29:19 ---
[2026-07-07 14:30:19] >>> 服务器启动中... <<<
[2026-07-07 14:30:19] NO LOG FILE! - setting up server logging...
[2026-07-07 14:30:19] [2026-07-07 14:30:19:961 INFO] Starting Server
[2026-07-07 14:30:19] [2026-07-07 14:30:19:961 INFO] Version: 1.26.32.2
[2026-07-07 14:30:19] [2026-07-07 14:30:19:961 INFO] Session ID: 33e0d032-21ac-437b-b5af-bfa645c30155
[2026-07-07 14:30:19] [2026-07-07 14:30:19:961 INFO] Build ID: 46948664
[2026-07-07 14:30:19] [2026-07-07 14:30:19:961 INFO] Branch: r/26_u3
[2026-07-07 14:30:19] [2026-07-07 14:30:19:961 INFO] Commit ID: 8dfd7355e9ce6a57bcb09bd2cea696b7b76b6cff
[2026-07-07 14:30:19] [2026-07-07 14:30:19:961 INFO] Configuration: Publish
[2026-07-07 14:30:19] [2026-07-07 14:30:19:962 INFO] Level Name: onelife
[2026-07-07 14:30:19] [2026-07-07 14:30:19:963 INFO] No CDN config file found at: cdn_config.json for dedicated server
[2026-07-07 14:30:19] [2026-07-07 14:30:19:963 INFO] Game mode: 0 Survival
[2026-07-07 14:30:19] [2026-07-07 14:30:19:963 INFO] Difficulty: 3 HARD
[2026-07-07 14:30:19] [2026-07-07 14:30:19:964 WARN] Content logging to console is disabled.  Enable it with content-log-console-output-enabled=true in server.properties
[2026-07-07 14:30:19] [2026-07-07 14:30:19:966 INFO]
[2026-07-07 14:30:19] 
[2026-07-07 14:30:19] #####################################################
[2026-07-07 14:30:19] #                                                   #
[2026-07-07 14:30:19] #               LOADING VANILLA WORLD               #
[2026-07-07 14:30:19] #                                                   #
[2026-07-07 14:30:19] #####################################################
[2026-07-07 14:30:20] [2026-07-07 14:30:20:578 INFO] Content logging to disk is enabled. Writing log to: ContentLog2026-07-07_14-30-20
[2026-07-07 14:30:20] [2026-07-07 14:30:20:580 INFO] Opening level 'worlds/onelife/db'
[2026-07-07 14:30:20] [2026-07-07 14:30:20:970 INFO] Pack Stack - None
[2026-07-07 14:30:22] [2026-07-07 14:30:22:241 INFO] IPv4 supported, port: 19132: Used for gameplay and LAN discovery
[2026-07-07 14:30:22] [2026-07-07 14:30:22:241 INFO] IPv6 supported, port: 19133: Used for gameplay
[2026-07-07 14:30:22] [2026-07-07 14:30:22:330 INFO] Waiting for Minecraft services...
[2026-07-07 14:30:23] [2026-07-07 14:30:23:258 INFO] Server started.
[2026-07-07 14:30:48] >>> 正在停止服务器... <<<
[2026-07-07 14:30:49] >>> 服务器已停止 <<<

--- 会话开始: 2026-07-07 15:47:50 ---
[2026-07-07 15:48:16] >>> 服务器启动中... <<<
[2026-07-07 15:48:16] NO LOG FILE! - setting up server logging...
[2026-07-07 15:48:16] [2026-07-07 15:48:16:274 INFO] Starting Server
[2026-07-07 15:48:16] [2026-07-07 15:48:16:274 INFO] Version: 1.26.32.2
[2026-07-07 15:48:16] [2026-07-07 15:48:16:274 INFO] Session ID: 85887732-2fb3-454d-ac18-cbf759865e60
[2026-07-07 15:48:16] [2026-07-07 15:48:16:275 INFO] Build ID: 46948664
[2026-07-07 15:48:16] [2026-07-07 15:48:16:275 INFO] Branch: r/26_u3
[2026-07-07 15:48:16] [2026-07-07 15:48:16:275 INFO] Commit ID: 8dfd7355e9ce6a57bcb09bd2cea696b7b76b6cff
[2026-07-07 15:48:16] [2026-07-07 15:48:16:275 INFO] Configuration: Publish
[2026-07-07 15:48:16] [2026-07-07 15:48:16:275 INFO] Level Name: onelife
[2026-07-07 15:48:16] [2026-07-07 15:48:16:277 INFO] No CDN config file found at: cdn_config.json for dedicated server
[2026-07-07 15:48:16] [2026-07-07 15:48:16:277 INFO] Game mode: 0 Survival
[2026-07-07 15:48:16] [2026-07-07 15:48:16:277 INFO] Difficulty: 3 HARD
[2026-07-07 15:48:16] [2026-07-07 15:48:16:277 WARN] Content logging to console is disabled.  Enable it with content-log-console-output-enabled=true in server.properties
[2026-07-07 15:48:16] [2026-07-07 15:48:16:279 INFO]
[2026-07-07 15:48:16] 
[2026-07-07 15:48:16] #####################################################
[2026-07-07 15:48:16] #                                                   #
[2026-07-07 15:48:16] #               LOADING VANILLA WORLD               #
[2026-07-07 15:48:16] #                                                   #
[2026-07-07 15:48:16] #####################################################
[2026-07-07 15:48:16] [2026-07-07 15:48:16:865 INFO] Content logging to disk is enabled. Writing log to: ContentLog2026-07-07_15-48-16
[2026-07-07 15:48:16] [2026-07-07 15:48:16:867 INFO] Opening level 'worlds/onelife/db'
[2026-07-07 15:48:17] [2026-07-07 15:48:17:379 INFO] Pack Stack - None
[2026-07-07 15:48:18] [2026-07-07 15:48:18:567 INFO] IPv4 supported, port: 19132: Used for gameplay and LAN discovery
[2026-07-07 15:48:18] [2026-07-07 15:48:18:567 INFO] IPv6 supported, port: 19133: Used for gameplay
[2026-07-07 15:48:18] [2026-07-07 15:48:18:691 INFO] Waiting for Minecraft services...
[2026-07-07 15:48:20] [2026-07-07 15:48:20:586 INFO] Server started.
[2026-07-07 15:48:27] > stop
[2026-07-07 15:48:27] [2026-07-07 15:48:27:775 INFO] Server stop requested.
[2026-07-07 15:48:28] [2026-07-07 15:48:28:888 INFO] Stopping server...
[2026-07-07 15:48:29] Quit correctly
[2026-07-07 15:48:29] >>> 服务器已停止 <<<

--- 会话开始: 2026-07-07 16:27:33 ---
[2026-07-07 16:28:13] >>> 服务器启动中... <<<
[2026-07-07 16:28:13] NO LOG FILE! - setting up server logging...
[2026-07-07 16:28:13] [2026-07-07 16:28:13:967 INFO] Starting Server
[2026-07-07 16:28:13] [2026-07-07 16:28:13:967 INFO] Version: 1.26.32.2
[2026-07-07 16:28:13] [2026-07-07 16:28:13:967 INFO] Session ID: e11dda98-fa8b-4520-a238-8c87be0e2625
[2026-07-07 16:28:13] [2026-07-07 16:28:13:967 INFO] Build ID: 46948664
[2026-07-07 16:28:13] [2026-07-07 16:28:13:967 INFO] Branch: r/26_u3
[2026-07-07 16:28:13] [2026-07-07 16:28:13:967 INFO] Commit ID: 8dfd7355e9ce6a57bcb09bd2cea696b7b76b6cff
[2026-07-07 16:28:13] [2026-07-07 16:28:13:967 INFO] Configuration: Publish
[2026-07-07 16:28:13] [2026-07-07 16:28:13:968 INFO] Level Name: onelife
[2026-07-07 16:28:13] [2026-07-07 16:28:13:970 INFO] No CDN config file found at: cdn_config.json for dedicated server
[2026-07-07 16:28:13] [2026-07-07 16:28:13:970 INFO] Game mode: 0 Survival
[2026-07-07 16:28:13] [2026-07-07 16:28:13:970 INFO] Difficulty: 3 HARD
[2026-07-07 16:28:13] [2026-07-07 16:28:13:970 WARN] Content logging to console is disabled.  Enable it with content-log-console-output-enabled=true in server.properties
[2026-07-07 16:28:13] [2026-07-07 16:28:13:972 INFO]
[2026-07-07 16:28:13] 
[2026-07-07 16:28:13] #####################################################
[2026-07-07 16:28:13] #                                                   #
[2026-07-07 16:28:13] #               LOADING VANILLA WORLD               #
[2026-07-07 16:28:14] #                                                   #
[2026-07-07 16:28:14] #####################################################
[2026-07-07 16:28:14] [2026-07-07 16:28:14:551 INFO] Content logging to disk is enabled. Writing log to: ContentLog2026-07-07_16-28-14
[2026-07-07 16:28:14] [2026-07-07 16:28:14:553 INFO] Opening level 'worlds/onelife/db'
[2026-07-07 16:28:15] [2026-07-07 16:28:15:070 INFO] Pack Stack - None
[2026-07-07 16:28:16] [2026-07-07 16:28:16:304 INFO] IPv4 supported, port: 19132: Used for gameplay and LAN discovery
[2026-07-07 16:28:16] [2026-07-07 16:28:16:304 INFO] IPv6 supported, port: 19133: Used for gameplay
[2026-07-07 16:28:16] [2026-07-07 16:28:16:420 INFO] Waiting for Minecraft services...
[2026-07-07 16:28:16] [2026-07-07 16:28:16:512 INFO] Server started.
[2026-07-07 16:29:08] [2026-07-07 16:29:08:403 INFO] Player connected: bvvd6458, xuid: 2535415507636880
[2026-07-07 16:29:34] [2026-07-07 16:29:34:448 INFO] Player PartyIdUpdate:  pfid: 37066EF3A897A85, partyid: , isLeader: false
[2026-07-07 16:29:41] [2026-07-07 16:29:41:894 INFO] Player Spawned: bvvd6458 xuid: 2535415507636880, pfid: 37066EF3A897A85
[2026-07-07 16:29:52] [2026-07-07 16:29:52:355 INFO] Player disconnected: bvvd6458, xuid: 2535415507636880, pfid: 37066EF3A897A85
[2026-07-07 16:29:57] >>> 正在停止服务器... <<<
[2026-07-07 16:30:02] >>> 服务器已停止 <<<
[2026-07-07 16:31:44] >>> 服务器启动中... <<<
[2026-07-07 16:31:44] NO LOG FILE! - setting up server logging...
[2026-07-07 16:31:44] [2026-07-07 16:31:44:393 INFO] Starting Server
[2026-07-07 16:31:44] [2026-07-07 16:31:44:393 INFO] Version: 1.26.32.2
[2026-07-07 16:31:44] [2026-07-07 16:31:44:393 INFO] Session ID: 558d4628-0874-4c64-93b8-5a77825b95e1
[2026-07-07 16:31:44] [2026-07-07 16:31:44:393 INFO] Build ID: 46948664
[2026-07-07 16:31:44] [2026-07-07 16:31:44:393 INFO] Branch: r/26_u3
[2026-07-07 16:31:44] [2026-07-07 16:31:44:393 INFO] Commit ID: 8dfd7355e9ce6a57bcb09bd2cea696b7b76b6cff
[2026-07-07 16:31:44] [2026-07-07 16:31:44:393 INFO] Configuration: Publish
[2026-07-07 16:31:44] [2026-07-07 16:31:44:394 INFO] Level Name: onelife
[2026-07-07 16:31:44] [2026-07-07 16:31:44:396 INFO] No CDN config file found at: cdn_config.json for dedicated server
[2026-07-07 16:31:44] [2026-07-07 16:31:44:396 INFO] Game mode: 0 Survival
[2026-07-07 16:31:44] [2026-07-07 16:31:44:396 INFO] Difficulty: 3 HARD
[2026-07-07 16:31:44] [2026-07-07 16:31:44:396 WARN] Content logging to console is disabled.  Enable it with content-log-console-output-enabled=true in server.properties
[2026-07-07 16:31:44] [2026-07-07 16:31:44:398 INFO]
[2026-07-07 16:31:44] 
[2026-07-07 16:31:44] #####################################################
[2026-07-07 16:31:44] #                                                   #
[2026-07-07 16:31:44] #               LOADING VANILLA WORLD               #
[2026-07-07 16:31:44] #                                                   #
[2026-07-07 16:31:44] #####################################################
[2026-07-07 16:31:45] [2026-07-07 16:31:44:991 INFO] Content logging to disk is enabled. Writing log to: ContentLog2026-07-07_16-31-44
[2026-07-07 16:31:45] [2026-07-07 16:31:44:992 INFO] Opening level 'worlds/onelife/db'
[2026-07-07 16:31:45] [2026-07-07 16:31:45:408 INFO] Pack Stack - None
[2026-07-07 16:31:46] [2026-07-07 16:31:46:658 INFO] IPv4 supported, port: 19132: Used for gameplay and LAN discovery
[2026-07-07 16:31:46] [2026-07-07 16:31:46:658 INFO] IPv6 supported, port: 19133: Used for gameplay
[2026-07-07 16:31:46] [2026-07-07 16:31:46:792 INFO] Waiting for Minecraft services...
[2026-07-07 16:31:47] [2026-07-07 16:31:47:099 INFO] Server started.
[2026-07-07 16:32:36] [2026-07-07 16:32:36:199 INFO] Player connected: TussalZeus18028, xuid: 2535468543420667
[2026-07-07 16:32:36] [2026-07-07 16:32:36:735 INFO] Player PartyIdUpdate:  pfid: CDCF761C759BFA9C, partyid: , isLeader: false
[2026-07-07 16:32:47] [2026-07-07 16:32:47:314 INFO] Player Spawned: TussalZeus18028 xuid: 2535468543420667, pfid: CDCF761C759BFA9C
[2026-07-07 16:32:57] [2026-07-07 16:32:57:348 INFO] Player connected: bvvd6458, xuid: 2535415507636880
[2026-07-07 16:33:25] [2026-07-07 16:33:25:276 INFO] Player PartyIdUpdate:  pfid: 37066EF3A897A85, partyid: , isLeader: false
[2026-07-07 16:33:25] [2026-07-07 16:33:25:969 INFO] Player Spawned: bvvd6458 xuid: 2535415507636880, pfid: 37066EF3A897A85
[2026-07-07 16:37:21] > TP bvvd6458 TussalZeus18028
[2026-07-07 16:37:22] [2026-07-07 16:37:22:467 INFO] Teleported bvvd6458 to TussalZeus18028
[2026-07-07 16:38:54] > /tp TussalZeus18028 bvvd6458
[2026-07-07 16:38:54] [2026-07-07 16:38:54:017 ERROR] Unknown command: /. Please check that the command exists and that you have permission to use it.
[2026-07-07 16:39:52] > kill bvvd6458
[2026-07-07 16:39:53] [2026-07-07 16:39:53:013 INFO] Killed bvvd6458
[2026-07-07 16:43:32] > gamemode 0 TussalZeus18028
[2026-07-07 16:43:32] [2026-07-07 16:43:32:475 INFO] Set TussalZeus18028's game mode to Survival
[2026-07-07 16:43:53] > gamemode 1 TussalZeus18028
[2026-07-07 16:43:53] [2026-07-07 16:43:53:683 INFO] Set TussalZeus18028's game mode to Creative
[2026-07-07 16:47:25] > say Unknown command: /. Please check that the command exists and that you have permission to use it.
[2026-07-07 16:48:43] > kick bvvd6458
[2026-07-07 16:48:43] [2026-07-07 16:48:43:508 INFO] Kicked bvvd6458 from the game: ''
[2026-07-07 16:48:43] [2026-07-07 16:48:43:533 INFO] Player disconnected: bvvd6458, xuid: 2535415507636880, pfid: 37066EF3A897A85
[2026-07-07 16:56:04] > gamemode 0 TussalZeus18028
[2026-07-07 16:56:04] [2026-07-07 16:56:04:547 INFO] Set TussalZeus18028's game mode to Survival
[2026-07-07 16:57:24] > gamemode 1 TussalZeus18028
[2026-07-07 16:57:24] [2026-07-07 16:57:24:115 INFO] Set TussalZeus18028's game mode to Creative
[2026-07-07 17:10:28] > gamemode 0 TussalZeus18028
[2026-07-07 17:10:28] [2026-07-07 17:10:28:129 INFO] Set TussalZeus18028's game mode to Survival
[2026-07-07 17:10:36] [2026-07-07 17:10:36:870 INFO] Player disconnected: TussalZeus18028, xuid: 2535468543420667, pfid: CDCF761C759BFA9C
[2026-07-07 17:10:55] > stop
[2026-07-07 17:10:55] [2026-07-07 17:10:55:605 INFO] Server stop requested.
[2026-07-07 17:10:55] [2026-07-07 17:10:55:675 INFO] Stopping server...
[2026-07-07 17:10:56] Quit correctly
[2026-07-07 17:10:56] >>> 服务器已停止 <<<

--- 会话开始: 2026-07-07 18:02:18 ---
[2026-07-07 18:02:44] >>> 服务器启动中... <<<
[2026-07-07 18:02:44] NO LOG FILE! - setting up server logging...
[2026-07-07 18:02:44] [2026-07-07 18:02:44:066 INFO] Starting Server
[2026-07-07 18:02:44] [2026-07-07 18:02:44:066 INFO] Version: 1.26.32.2
[2026-07-07 18:02:44] [2026-07-07 18:02:44:066 INFO] Session ID: 2dbb88bf-cfc1-481c-add5-7986c5f98696
[2026-07-07 18:02:44] [2026-07-07 18:02:44:066 INFO] Build ID: 46948664
[2026-07-07 18:02:44] [2026-07-07 18:02:44:066 INFO] Branch: r/26_u3
[2026-07-07 18:02:44] [2026-07-07 18:02:44:066 INFO] Commit ID: 8dfd7355e9ce6a57bcb09bd2cea696b7b76b6cff
[2026-07-07 18:02:44] [2026-07-07 18:02:44:066 INFO] Configuration: Publish
[2026-07-07 18:02:44] [2026-07-07 18:02:44:067 INFO] Level Name: onelife
[2026-07-07 18:02:44] [2026-07-07 18:02:44:069 INFO] No CDN config file found at: cdn_config.json for dedicated server
[2026-07-07 18:02:44] [2026-07-07 18:02:44:069 INFO] Game mode: 0 Survival
[2026-07-07 18:02:44] [2026-07-07 18:02:44:069 INFO] Difficulty: 3 HARD
[2026-07-07 18:02:44] [2026-07-07 18:02:44:070 WARN] Content logging to console is disabled.  Enable it with content-log-console-output-enabled=true in server.properties
[2026-07-07 18:02:44] [2026-07-07 18:02:44:072 INFO]
[2026-07-07 18:02:44] 
[2026-07-07 18:02:44] #####################################################
[2026-07-07 18:02:44] #                                                   #
[2026-07-07 18:02:44] #               LOADING VANILLA WORLD               #
[2026-07-07 18:02:44] #                                                   #
[2026-07-07 18:02:44] #####################################################
[2026-07-07 18:02:44] [2026-07-07 18:02:44:667 INFO] Content logging to disk is enabled. Writing log to: ContentLog2026-07-07_18-02-44
[2026-07-07 18:02:44] [2026-07-07 18:02:44:669 INFO] Opening level 'worlds/onelife/db'
[2026-07-07 18:02:45] [2026-07-07 18:02:45:116 INFO] Pack Stack - None
[2026-07-07 18:02:46] [2026-07-07 18:02:46:339 INFO] IPv4 supported, port: 19132: Used for gameplay and LAN discovery
[2026-07-07 18:02:46] [2026-07-07 18:02:46:339 INFO] IPv6 supported, port: 19133: Used for gameplay
[2026-07-07 18:02:46] [2026-07-07 18:02:46:447 INFO] Waiting for Minecraft services...
[2026-07-07 18:02:46] [2026-07-07 18:02:46:622 INFO] Server started.
[2026-07-07 18:02:53] > STOP
[2026-07-07 18:02:53] [2026-07-07 18:02:53:964 INFO] Server stop requested.
[2026-07-07 18:02:54] [2026-07-07 18:02:54:238 INFO] Stopping server...
[2026-07-07 18:02:54] Quit correctly
[2026-07-07 18:02:54] >>> 服务器已停止 <<<

--- 会话开始: 2026-07-07 23:23:51 ---
[2026-07-07 23:24:02] >>> 服务器启动中... <<<
[2026-07-07 23:24:07] NO LOG FILE! - setting up server logging...
[2026-07-07 23:24:07] [2026-07-07 23:24:07:501 INFO] Starting Server
[2026-07-07 23:24:07] [2026-07-07 23:24:07:501 INFO] Version: 1.26.32.2
[2026-07-07 23:24:07] [2026-07-07 23:24:07:501 INFO] Session ID: 2b36e3bb-06f0-48c2-b7c7-46dd43e7a23e
[2026-07-07 23:24:07] [2026-07-07 23:24:07:501 INFO] Build ID: 46948664
[2026-07-07 23:24:07] [2026-07-07 23:24:07:501 INFO] Branch: r/26_u3
[2026-07-07 23:24:07] [2026-07-07 23:24:07:501 INFO] Commit ID: 8dfd7355e9ce6a57bcb09bd2cea696b7b76b6cff
[2026-07-07 23:24:07] [2026-07-07 23:24:07:501 INFO] Configuration: Publish
[2026-07-07 23:24:07] [2026-07-07 23:24:07:502 INFO] Level Name: onelife
[2026-07-07 23:24:07] [2026-07-07 23:24:07:504 INFO] No CDN config file found at: cdn_config.json for dedicated server
[2026-07-07 23:24:07] [2026-07-07 23:24:07:504 INFO] Game mode: 0 Survival
[2026-07-07 23:24:07] [2026-07-07 23:24:07:504 INFO] Difficulty: 3 HARD
[2026-07-07 23:24:07] [2026-07-07 23:24:07:505 WARN] Content logging to console is disabled.  Enable it with content-log-console-output-enabled=true in server.properties
[2026-07-07 23:24:07] [2026-07-07 23:24:07:549 INFO]
[2026-07-07 23:24:07] 
[2026-07-07 23:24:07] #####################################################
[2026-07-07 23:24:07] #                                                   #
[2026-07-07 23:24:07] #               LOADING VANILLA WORLD               #
[2026-07-07 23:24:07] #                                                   #
[2026-07-07 23:24:07] #####################################################
[2026-07-07 23:24:10] [2026-07-07 23:24:10:371 INFO] Content logging to disk is enabled. Writing log to: ContentLog2026-07-07_23-24-10
[2026-07-07 23:24:10] [2026-07-07 23:24:10:373 INFO] Opening level 'worlds/onelife/db'
[2026-07-07 23:24:10] [2026-07-07 23:24:10:921 INFO] Pack Stack - None
[2026-07-07 23:24:13] [2026-07-07 23:24:13:143 INFO] IPv4 supported, port: 19132: Used for gameplay and LAN discovery
[2026-07-07 23:24:13] [2026-07-07 23:24:13:143 INFO] IPv6 supported, port: 19133: Used for gameplay
[2026-07-07 23:24:13] [2026-07-07 23:24:13:288 INFO] Waiting for Minecraft services...
[2026-07-07 23:24:13] [2026-07-07 23:24:13:830 INFO] Server started.
[2026-07-07 23:24:19] >>> 正在停止服务器... <<<
[2026-07-07 23:24:21] >>> 服务器已停止 <<<
