
--- 会话: 2026-07-07 12:30:30.945838 ---
[2026-07-07 12:30:37] 2026/07/07 12:30:37 [I] [root.go:125] 欢迎使用ChmlFrp映射客户端!
[2026-07-07 12:30:37] 2026/07/07 12:30:37 [I] [root.go:133] 从ChmlFrp API获取配置文件...
[2026-07-07 12:30:37] 2026/07/07 12:30:37 [I] [root.go:277] 启动配置文件的frpc服务 [frpc.ini]
[2026-07-07 12:30:38] 2026/07/07 12:30:38 [I] [service.go:303] 成功登录至服务器, 获取到RunID [UBnInX5VhB941orMom3MRR4q-7f0f7cd2d288fe5e]
[2026-07-07 12:30:38] 2026/07/07 12:30:38 [I] [proxy_manager.go:150] 已启动隧道: [UBnInX5VhB941orMom3MRR4q.BE_Frp]
[2026-07-07 12:30:40] ✅ 2026/07/07 12:30:40 [I] [control.go:172] [UBnInX5VhB941orMom3MRR4q.BE_Frp] 映射启动成功, 感谢您使用ChmlFrp!
[2026-07-07 12:30:40] 2026/07/07 12:30:40 [I] [udp.go:91] [UBnInX5VhB941orMom3MRR4q.BE_Frp] 传入udp代理的新工作连接, 202.189.8.161:30000

--- 会话: 2026-07-07 12:31:11.602938 ---
[2026-07-07 12:31:15] 2026/07/07 12:31:15 [I] [root.go:125] 欢迎使用ChmlFrp映射客户端!
[2026-07-07 12:31:15] 2026/07/07 12:31:15 [I] [root.go:133] 从ChmlFrp API获取配置文件...
[2026-07-07 12:31:15] 2026/07/07 12:31:15 [I] [root.go:277] 启动配置文件的frpc服务 [frpc.ini]
[2026-07-07 12:31:16] 2026/07/07 12:31:16 [I] [service.go:303] 成功登录至服务器, 获取到RunID [UBnInX5VhB941orMom3MRR4q-cbc3bbe69a2ff41e]
[2026-07-07 12:31:16] 2026/07/07 12:31:16 [I] [proxy_manager.go:150] 已启动隧道: [UBnInX5VhB941orMom3MRR4q.BE_Frp]
[2026-07-07 12:31:16] ✅ 2026/07/07 12:31:16 [I] [control.go:172] [UBnInX5VhB941orMom3MRR4q.BE_Frp] 映射启动成功, 感谢您使用ChmlFrp!
[2026-07-07 12:31:17] 2026/07/07 12:31:17 [I] [udp.go:91] [UBnInX5VhB941orMom3MRR4q.BE_Frp] 传入udp代理的新工作连接, 202.189.8.161:30000

--- 会话: 2026-07-07 12:36:43.983463 ---
[2026-07-07 12:37:01] 2026/07/07 12:37:01 [I] [root.go:125] 欢迎使用ChmlFrp映射客户端!
[2026-07-07 12:37:01] 2026/07/07 12:37:01 [I] [root.go:133] 从ChmlFrp API获取配置文件...
[2026-07-07 12:37:01] 2026/07/07 12:37:01 [I] [root.go:277] 启动配置文件的frpc服务 [frpc.ini]
[2026-07-07 12:37:02] 2026/07/07 12:37:02 [I] [service.go:303] 成功登录至服务器, 获取到RunID [UBnInX5VhB941orMom3MRR4q-5e3b534a36527122]
[2026-07-07 12:37:02] 2026/07/07 12:37:02 [I] [proxy_manager.go:150] 已启动隧道: [UBnInX5VhB941orMom3MRR4q.BE_Frp]
[2026-07-07 12:37:02] 2026/07/07 12:37:02 [W] [control.go:170] [UBnInX5VhB941orMom3MRR4q.BE_Frp] 启动失败: proxy [UBnInX5VhB941orMom3MRR4q.BE_Frp] already exists
[2026-07-07 12:39:31] 2026/07/07 12:39:31 [I] [root.go:125] 欢迎使用ChmlFrp映射客户端!
[2026-07-07 12:39:31] 2026/07/07 12:39:31 [I] [root.go:133] 从ChmlFrp API获取配置文件...
[2026-07-07 12:39:31] 2026/07/07 12:39:31 [I] [root.go:277] 启动配置文件的frpc服务 [frpc.ini]
[2026-07-07 12:39:32] 2026/07/07 12:39:32 [I] [service.go:303] 成功登录至服务器, 获取到RunID [UBnInX5VhB941orMom3MRR4q-d6e890bd26b68bd0]
[2026-07-07 12:39:32] 2026/07/07 12:39:32 [I] [proxy_manager.go:150] 已启动隧道: [UBnInX5VhB941orMom3MRR4q.BE_Frp]
[2026-07-07 12:39:32] 2026/07/07 12:39:32 [W] [control.go:170] [UBnInX5VhB941orMom3MRR4q.BE_Frp] 启动失败: proxy [UBnInX5VhB941orMom3MRR4q.BE_Frp] already exists
[2026-07-07 12:39:45] 2026/07/07 12:39:45 [I] [root.go:125] 欢迎使用ChmlFrp映射客户端!
[2026-07-07 12:39:45] 2026/07/07 12:39:45 [I] [root.go:133] 从ChmlFrp API获取配置文件...
[2026-07-07 12:39:45] 2026/07/07 12:39:45 [I] [root.go:277] 启动配置文件的frpc服务 [frpc.ini]
[2026-07-07 12:39:45] 2026/07/07 12:39:45 [I] [service.go:303] 成功登录至服务器, 获取到RunID [UBnInX5VhB941orMom3MRR4q-2ab70b5ca32e3ac2]
[2026-07-07 12:39:45] 2026/07/07 12:39:45 [I] [proxy_manager.go:150] 已启动隧道: [UBnInX5VhB941orMom3MRR4q.BE_Frp]
[2026-07-07 12:39:46] ✅ 2026/07/07 12:39:46 [I] [control.go:172] [UBnInX5VhB941orMom3MRR4q.BE_Frp] 映射启动成功, 感谢您使用ChmlFrp!
[2026-07-07 12:39:46] 2026/07/07 12:39:46 [I] [udp.go:91] [UBnInX5VhB941orMom3MRR4q.BE_Frp] 传入udp代理的新工作连接, 202.189.8.161:30000
[2026-07-07 12:39:53] 2026/07/07 12:39:53 [I] [root.go:125] 欢迎使用ChmlFrp映射客户端!
[2026-07-07 12:39:53] 2026/07/07 12:39:53 [I] [root.go:133] 从ChmlFrp API获取配置文件...
[2026-07-07 12:39:53] 2026/07/07 12:39:53 [I] [root.go:277] 启动配置文件的frpc服务 [frpc.ini]
[2026-07-07 12:39:53] 2026/07/07 12:39:53 [I] [service.go:303] 成功登录至服务器, 获取到RunID [UBnInX5VhB941orMom3MRR4q-7b3debd32a10c4e8]
[2026-07-07 12:39:53] 2026/07/07 12:39:53 [I] [proxy_manager.go:150] 已启动隧道: [UBnInX5VhB941orMom3MRR4q.BE_Frp]
[2026-07-07 12:39:54] ✅ 2026/07/07 12:39:54 [I] [control.go:172] [UBnInX5VhB941orMom3MRR4q.BE_Frp] 映射启动成功, 感谢您使用ChmlFrp!
[2026-07-07 12:39:54] 2026/07/07 12:39:54 [I] [udp.go:91] [UBnInX5VhB941orMom3MRR4q.BE_Frp] 传入udp代理的新工作连接, 202.189.8.161:30000

--- 会话: 2026-07-07 13:29:05.700460 ---
[2026-07-07 13:29:13] 2026/07/07 13:29:13 [I] [root.go:125] 欢迎使用ChmlFrp映射客户端!
[2026-07-07 13:29:13] 2026/07/07 13:29:13 [I] [root.go:133] 从ChmlFrp API获取配置文件...
[2026-07-07 13:29:13] 2026/07/07 13:29:13 [I] [root.go:277] 启动配置文件的frpc服务 [frpc.ini]
[2026-07-07 13:29:13] 2026/07/07 13:29:13 [I] [service.go:303] 成功登录至服务器, 获取到RunID [UBnInX5VhB941orMom3MRR4q-3e1a2a11fae31943]
[2026-07-07 13:29:13] 2026/07/07 13:29:13 [I] [proxy_manager.go:150] 已启动隧道: [UBnInX5VhB941orMom3MRR4q.BE_Frp]
[2026-07-07 13:29:13] ✅ 2026/07/07 13:29:13 [I] [control.go:172] [UBnInX5VhB941orMom3MRR4q.BE_Frp] 映射启动成功, 感谢您使用ChmlFrp!
[2026-07-07 13:29:14] 2026/07/07 13:29:14 [I] [udp.go:91] [UBnInX5VhB941orMom3MRR4q.BE_Frp] 传入udp代理的新工作连接, 202.189.8.161:30000

--- 会话: 2026-07-07 16:27:34.617068 ---
[2026-07-07 16:28:18] 2026/07/07 16:28:18 [I] [root.go:125] 欢迎使用ChmlFrp映射客户端!
[2026-07-07 16:28:18] 2026/07/07 16:28:18 [I] [root.go:133] 从ChmlFrp API获取配置文件...
[2026-07-07 16:28:18] 2026/07/07 16:28:18 [I] [root.go:277] 启动配置文件的frpc服务 [frpc.ini]
[2026-07-07 16:28:18] 2026/07/07 16:28:18 [I] [service.go:303] 成功登录至服务器, 获取到RunID [UBnInX5VhB941orMom3MRR4q-8663a38dc31b382f]
[2026-07-07 16:28:18] 2026/07/07 16:28:18 [I] [proxy_manager.go:150] 已启动隧道: [UBnInX5VhB941orMom3MRR4q.BE_Frp]
[2026-07-07 16:28:19] ✅ 2026/07/07 16:28:19 [I] [control.go:172] [UBnInX5VhB941orMom3MRR4q.BE_Frp] 映射启动成功, 感谢您使用ChmlFrp!
[2026-07-07 16:28:19] 2026/07/07 16:28:19 [I] [udp.go:91] [UBnInX5VhB941orMom3MRR4q.BE_Frp] 传入udp代理的新工作连接, 202.189.8.161:30000

--- 会话: 2026-07-07 22:59:25.892732 ---
[2026-07-07 22:59:35] 2026/07/07 22:59:35 [I] [root.go:125] 欢迎使用ChmlFrp映射客户端!
[2026-07-07 22:59:35] 2026/07/07 22:59:35 [I] [root.go:133] 从ChmlFrp API获取配置文件...
[2026-07-07 22:59:35] 2026/07/07 22:59:35 [I] [root.go:277] 启动配置文件的frpc服务 [frpc.ini]
[2026-07-07 22:59:36] 2026/07/07 22:59:36 [I] [service.go:303] 成功登录至服务器, 获取到RunID [UBnInX5VhB941orMom3MRR4q-9d03f8cfca6d64d9]
[2026-07-07 22:59:36] 2026/07/07 22:59:36 [I] [proxy_manager.go:150] 已启动隧道: [UBnInX5VhB941orMom3MRR4q.BE_Frp]
[2026-07-07 22:59:36] ✅ 2026/07/07 22:59:36 [I] [control.go:172] [UBnInX5VhB941orMom3MRR4q.BE_Frp] 映射启动成功, 感谢您使用ChmlFrp!
[2026-07-07 22:59:36] 2026/07/07 22:59:36 [I] [udp.go:91] [UBnInX5VhB941orMom3MRR4q.BE_Frp] 传入udp代理的新工作连接, 202.189.8.161:30000
