
--- 会话: 2026-07-04 16:31:45.269992 ---
[2026-07-04 16:32:03] 2026/07/04 16:32:03 [I] [root.go:125] 欢迎使用ChmlFrp映射客户端!
[2026-07-04 16:32:03] 2026/07/04 16:32:03 [I] [root.go:133] 从ChmlFrp API获取配置文件...
[2026-07-04 16:32:03] 2026/07/04 16:32:03 [I] [root.go:277] 启动配置文件的frpc服务 [frpc.ini]
[2026-07-04 16:32:04] 2026/07/04 16:32:04 [I] [service.go:303] 成功登录至服务器, 获取到RunID [UBnInX5VhB941orMom3MRR4q-d8eb164bfb09e006]
[2026-07-04 16:32:04] 2026/07/04 16:32:04 [I] [proxy_manager.go:150] 已启动隧道: [UBnInX5VhB941orMom3MRR4q.BE_Frp]
[2026-07-04 16:32:04] ✅ 2026/07/04 16:32:04 [I] [control.go:172] [UBnInX5VhB941orMom3MRR4q.BE_Frp] 映射启动成功, 感谢您使用ChmlFrp!
[2026-07-04 16:32:04] 2026/07/04 16:32:04 [I] [udp.go:91] [UBnInX5VhB941orMom3MRR4q.BE_Frp] 传入udp代理的新工作连接, 202.189.8.161:30000

--- 会话: 2026-07-04 20:29:37.555024 ---
[2026-07-04 20:29:43] 2026/07/04 20:29:43 [I] [root.go:125] 欢迎使用ChmlFrp映射客户端!
[2026-07-04 20:29:43] 2026/07/04 20:29:43 [I] [root.go:133] 从ChmlFrp API获取配置文件...
[2026-07-04 20:29:43] 2026/07/04 20:29:43 [I] [root.go:277] 启动配置文件的frpc服务 [frpc.ini]
[2026-07-04 20:29:44] 2026/07/04 20:29:44 [I] [service.go:303] 成功登录至服务器, 获取到RunID [UBnInX5VhB941orMom3MRR4q-51df8683360269e2]
[2026-07-04 20:29:44] 2026/07/04 20:29:44 [I] [proxy_manager.go:150] 已启动隧道: [UBnInX5VhB941orMom3MRR4q.BE_Frp]
[2026-07-04 20:29:44] ✅ 2026/07/04 20:29:44 [I] [control.go:172] [UBnInX5VhB941orMom3MRR4q.BE_Frp] 映射启动成功, 感谢您使用ChmlFrp!
[2026-07-04 20:29:45] 2026/07/04 20:29:45 [I] [udp.go:91] [UBnInX5VhB941orMom3MRR4q.BE_Frp] 传入udp代理的新工作连接, 202.189.8.161:30000

--- 会话: 2026-07-04 20:33:44.914023 ---
[2026-07-04 20:34:16] 2026/07/04 20:34:16 [I] [root.go:125] 欢迎使用ChmlFrp映射客户端!
[2026-07-04 20:34:16] 2026/07/04 20:34:16 [I] [root.go:133] 从ChmlFrp API获取配置文件...
[2026-07-04 20:34:16] 2026/07/04 20:34:16 [I] [root.go:277] 启动配置文件的frpc服务 [frpc.ini]
[2026-07-04 20:34:17] 2026/07/04 20:34:16 [I] [service.go:303] 成功登录至服务器, 获取到RunID [UBnInX5VhB941orMom3MRR4q-5c0ed0b6a60313e8]
[2026-07-04 20:34:17] 2026/07/04 20:34:16 [I] [proxy_manager.go:150] 已启动隧道: [UBnInX5VhB941orMom3MRR4q.BE_Frp]
[2026-07-04 20:34:17] ✅ 2026/07/04 20:34:17 [I] [control.go:172] [UBnInX5VhB941orMom3MRR4q.BE_Frp] 映射启动成功, 感谢您使用ChmlFrp!
[2026-07-04 20:34:17] 2026/07/04 20:34:17 [I] [udp.go:91] [UBnInX5VhB941orMom3MRR4q.BE_Frp] 传入udp代理的新工作连接, 202.189.8.161:30000

--- 会话: 2026-07-04 20:38:33.441990 ---
[2026-07-04 20:38:37] 2026/07/04 20:38:37 [I] [root.go:125] 欢迎使用ChmlFrp映射客户端!
[2026-07-04 20:38:37] 2026/07/04 20:38:37 [I] [root.go:133] 从ChmlFrp API获取配置文件...
[2026-07-04 20:38:37] 2026/07/04 20:38:37 [I] [root.go:277] 启动配置文件的frpc服务 [frpc.ini]
[2026-07-04 20:38:37] 2026/07/04 20:38:37 [I] [service.go:303] 成功登录至服务器, 获取到RunID [UBnInX5VhB941orMom3MRR4q-ff1b818f299ddf68]
[2026-07-04 20:38:37] 2026/07/04 20:38:37 [I] [proxy_manager.go:150] 已启动隧道: [UBnInX5VhB941orMom3MRR4q.BE_Frp]
[2026-07-04 20:38:38] ✅ 2026/07/04 20:38:38 [I] [control.go:172] [UBnInX5VhB941orMom3MRR4q.BE_Frp] 映射启动成功, 感谢您使用ChmlFrp!
[2026-07-04 20:38:38] 2026/07/04 20:38:38 [I] [udp.go:91] [UBnInX5VhB941orMom3MRR4q.BE_Frp] 传入udp代理的新工作连接, 202.189.8.161:30000

--- 会话: 2026-07-04 20:41:01.295871 ---
[2026-07-04 20:41:44] 2026/07/04 20:41:44 [I] [root.go:125] 欢迎使用ChmlFrp映射客户端!
[2026-07-04 20:41:44] 2026/07/04 20:41:44 [I] [root.go:133] 从ChmlFrp API获取配置文件...
[2026-07-04 20:41:44] 2026/07/04 20:41:44 [I] [root.go:277] 启动配置文件的frpc服务 [frpc.ini]
[2026-07-04 20:41:44] 2026/07/04 20:41:44 [I] [service.go:303] 成功登录至服务器, 获取到RunID [UBnInX5VhB941orMom3MRR4q-13f1d5fd8d56a2b2]
[2026-07-04 20:41:44] 2026/07/04 20:41:44 [I] [proxy_manager.go:150] 已启动隧道: [UBnInX5VhB941orMom3MRR4q.BE_Frp]
[2026-07-04 20:41:44] ✅ 2026/07/04 20:41:44 [I] [control.go:172] [UBnInX5VhB941orMom3MRR4q.BE_Frp] 映射启动成功, 感谢您使用ChmlFrp!
[2026-07-04 20:41:45] 2026/07/04 20:41:45 [I] [udp.go:91] [UBnInX5VhB941orMom3MRR4q.BE_Frp] 传入udp代理的新工作连接, 202.189.8.161:30000

--- 会话: 2026-07-04 20:45:45.667132 ---
[2026-07-04 20:45:49] 2026/07/04 20:45:49 [I] [root.go:125] 欢迎使用ChmlFrp映射客户端!
[2026-07-04 20:45:49] 2026/07/04 20:45:49 [I] [root.go:133] 从ChmlFrp API获取配置文件...
[2026-07-04 20:45:49] 2026/07/04 20:45:49 [I] [root.go:277] 启动配置文件的frpc服务 [frpc.ini]
[2026-07-04 20:45:50] 2026/07/04 20:45:50 [I] [service.go:303] 成功登录至服务器, 获取到RunID [UBnInX5VhB941orMom3MRR4q-fc57b11dece14d67]
[2026-07-04 20:45:50] 2026/07/04 20:45:50 [I] [proxy_manager.go:150] 已启动隧道: [UBnInX5VhB941orMom3MRR4q.BE_Frp]
[2026-07-04 20:45:50] ✅ 2026/07/04 20:45:50 [I] [control.go:172] [UBnInX5VhB941orMom3MRR4q.BE_Frp] 映射启动成功, 感谢您使用ChmlFrp!
[2026-07-04 20:45:51] 2026/07/04 20:45:51 [I] [udp.go:91] [UBnInX5VhB941orMom3MRR4q.BE_Frp] 传入udp代理的新工作连接, 202.189.8.161:30000

--- 会话: 2026-07-04 20:57:22.075735 ---
[2026-07-04 20:57:25] 2026/07/04 20:57:25 [I] [root.go:125] 欢迎使用ChmlFrp映射客户端!
[2026-07-04 20:57:25] 2026/07/04 20:57:25 [I] [root.go:133] 从ChmlFrp API获取配置文件...
[2026-07-04 20:57:25] 2026/07/04 20:57:25 [I] [root.go:277] 启动配置文件的frpc服务 [frpc.ini]
[2026-07-04 20:57:26] 2026/07/04 20:57:26 [I] [service.go:303] 成功登录至服务器, 获取到RunID [UBnInX5VhB941orMom3MRR4q-cbb08f96682e3b0f]
[2026-07-04 20:57:26] 2026/07/04 20:57:26 [I] [proxy_manager.go:150] 已启动隧道: [UBnInX5VhB941orMom3MRR4q.BE_Frp]
[2026-07-04 20:57:26] ✅ 2026/07/04 20:57:26 [I] [control.go:172] [UBnInX5VhB941orMom3MRR4q.BE_Frp] 映射启动成功, 感谢您使用ChmlFrp!
[2026-07-04 20:57:27] 2026/07/04 20:57:27 [I] [udp.go:91] [UBnInX5VhB941orMom3MRR4q.BE_Frp] 传入udp代理的新工作连接, 202.189.8.161:30000

--- 会话: 2026-07-04 21:04:05.448831 ---
[2026-07-04 21:04:17] 2026/07/04 21:04:17 [I] [root.go:125] 欢迎使用ChmlFrp映射客户端!
[2026-07-04 21:04:17] 2026/07/04 21:04:17 [I] [root.go:133] 从ChmlFrp API获取配置文件...
[2026-07-04 21:04:17] 2026/07/04 21:04:17 [I] [root.go:277] 启动配置文件的frpc服务 [frpc.ini]
[2026-07-04 21:04:18] 2026/07/04 21:04:18 [I] [service.go:303] 成功登录至服务器, 获取到RunID [UBnInX5VhB941orMom3MRR4q-2371e6989e6be2f2]
[2026-07-04 21:04:18] 2026/07/04 21:04:18 [I] [proxy_manager.go:150] 已启动隧道: [UBnInX5VhB941orMom3MRR4q.BE_Frp]
[2026-07-04 21:04:18] ✅ 2026/07/04 21:04:18 [I] [control.go:172] [UBnInX5VhB941orMom3MRR4q.BE_Frp] 映射启动成功, 感谢您使用ChmlFrp!
[2026-07-04 21:04:19] 2026/07/04 21:04:19 [I] [udp.go:91] [UBnInX5VhB941orMom3MRR4q.BE_Frp] 传入udp代理的新工作连接, 202.189.8.161:30000

--- 会话: 2026-07-04 21:10:24.949500 ---
[2026-07-04 21:10:35] 2026/07/04 21:10:35 [I] [root.go:125] 欢迎使用ChmlFrp映射客户端!
[2026-07-04 21:10:35] 2026/07/04 21:10:35 [I] [root.go:133] 从ChmlFrp API获取配置文件...
[2026-07-04 21:10:35] 2026/07/04 21:10:35 [I] [root.go:277] 启动配置文件的frpc服务 [frpc.ini]
[2026-07-04 21:10:36] 2026/07/04 21:10:36 [I] [service.go:303] 成功登录至服务器, 获取到RunID [UBnInX5VhB941orMom3MRR4q-b8a1936c333c4ca6]
[2026-07-04 21:10:36] 2026/07/04 21:10:36 [I] [proxy_manager.go:150] 已启动隧道: [UBnInX5VhB941orMom3MRR4q.BE_Frp]
[2026-07-04 21:10:36] ✅ 2026/07/04 21:10:36 [I] [control.go:172] [UBnInX5VhB941orMom3MRR4q.BE_Frp] 映射启动成功, 感谢您使用ChmlFrp!
[2026-07-04 21:10:37] 2026/07/04 21:10:37 [I] [udp.go:91] [UBnInX5VhB941orMom3MRR4q.BE_Frp] 传入udp代理的新工作连接, 202.189.8.161:30000
[2026-07-04 21:10:56] 2026/07/04 21:10:56 [I] [root.go:125] 欢迎使用ChmlFrp映射客户端!
[2026-07-04 21:10:56] 2026/07/04 21:10:56 [I] [root.go:133] 从ChmlFrp API获取配置文件...
[2026-07-04 21:10:56] 2026/07/04 21:10:56 [I] [root.go:277] 启动配置文件的frpc服务 [frpc.ini]
[2026-07-04 21:10:57] 2026/07/04 21:10:57 [I] [service.go:303] 成功登录至服务器, 获取到RunID [UBnInX5VhB941orMom3MRR4q-6adc4e0233d1228d]
[2026-07-04 21:10:57] 2026/07/04 21:10:57 [I] [proxy_manager.go:150] 已启动隧道: [UBnInX5VhB941orMom3MRR4q.BE_Frp]
[2026-07-04 21:10:57] ✅ 2026/07/04 21:10:57 [I] [control.go:172] [UBnInX5VhB941orMom3MRR4q.BE_Frp] 映射启动成功, 感谢您使用ChmlFrp!
[2026-07-04 21:10:58] 2026/07/04 21:10:58 [I] [udp.go:91] [UBnInX5VhB941orMom3MRR4q.BE_Frp] 传入udp代理的新工作连接, 202.189.8.161:30000

--- 会话: 2026-07-04 21:18:49.605758 ---
[2026-07-04 21:19:03] 2026/07/04 21:19:03 [I] [root.go:125] 欢迎使用ChmlFrp映射客户端!
[2026-07-04 21:19:03] 2026/07/04 21:19:03 [I] [root.go:133] 从ChmlFrp API获取配置文件...
[2026-07-04 21:19:03] 2026/07/04 21:19:03 [I] [root.go:277] 启动配置文件的frpc服务 [frpc.ini]
[2026-07-04 21:19:13] 2026/07/04 21:19:13 [W] [service.go:134] 无法连接至服务器: i/o deadline reached
[2026-07-04 21:19:13] 2026/07/04 21:19:13 [W] [service.go:144] 请尝试将配置文件中tls_enable = false改为tls_enable = true再启动，如果依旧无法启动，则为上层防火墙拦截，请更换设备。或更换节点。

--- 会话: 2026-07-04 21:23:32.976151 ---
[2026-07-04 21:24:22] 2026/07/04 21:24:22 [I] [root.go:125] 欢迎使用ChmlFrp映射客户端!
[2026-07-04 21:24:22] 2026/07/04 21:24:22 [I] [root.go:133] 从ChmlFrp API获取配置文件...
[2026-07-04 21:24:22] 2026/07/04 21:24:22 [I] [root.go:277] 启动配置文件的frpc服务 [frpc.ini]

--- 会话: 2026-07-04 22:32:51.279743 ---
[2026-07-04 22:33:08] 2026/07/04 22:33:08 [I] [root.go:125] 欢迎使用ChmlFrp映射客户端!
[2026-07-04 22:33:08] 2026/07/04 22:33:08 [I] [root.go:133] 从ChmlFrp API获取配置文件...
[2026-07-04 22:33:08] 2026/07/04 22:33:08 [I] [root.go:277] 启动配置文件的frpc服务 [frpc.ini]
[2026-07-04 22:33:08] 2026/07/04 22:33:08 [I] [service.go:303] 成功登录至服务器, 获取到RunID [UBnInX5VhB941orMom3MRR4q-543d41d9b016e0e4]
[2026-07-04 22:33:08] 2026/07/04 22:33:08 [I] [proxy_manager.go:150] 已启动隧道: [UBnInX5VhB941orMom3MRR4q.BE_Frp]
[2026-07-04 22:33:09] ✅ 2026/07/04 22:33:09 [I] [control.go:172] [UBnInX5VhB941orMom3MRR4q.BE_Frp] 映射启动成功, 感谢您使用ChmlFrp!
[2026-07-04 22:33:09] 2026/07/04 22:33:09 [I] [udp.go:91] [UBnInX5VhB941orMom3MRR4q.BE_Frp] 传入udp代理的新工作连接, 202.189.8.161:30000

--- 会话: 2026-07-04 22:48:37.352344 ---
[2026-07-04 22:49:20] 2026/07/04 22:49:20 [I] [root.go:125] 欢迎使用ChmlFrp映射客户端!
[2026-07-04 22:49:20] 2026/07/04 22:49:20 [I] [root.go:133] 从ChmlFrp API获取配置文件...
[2026-07-04 22:49:20] 2026/07/04 22:49:20 [I] [root.go:277] 启动配置文件的frpc服务 [frpc.ini]
[2026-07-04 22:49:21] 2026/07/04 22:49:21 [I] [service.go:303] 成功登录至服务器, 获取到RunID [UBnInX5VhB941orMom3MRR4q-1d919adffc9a4a45]
[2026-07-04 22:49:21] 2026/07/04 22:49:21 [I] [proxy_manager.go:150] 已启动隧道: [UBnInX5VhB941orMom3MRR4q.BE_Frp]
[2026-07-04 22:49:21] ✅ 2026/07/04 22:49:21 [I] [control.go:172] [UBnInX5VhB941orMom3MRR4q.BE_Frp] 映射启动成功, 感谢您使用ChmlFrp!
[2026-07-04 22:49:21] 2026/07/04 22:49:21 [I] [udp.go:91] [UBnInX5VhB941orMom3MRR4q.BE_Frp] 传入udp代理的新工作连接, 202.189.8.161:30000
